[2026-02-25 20:00:43,362: INFO: main: Logging is implemented:]
[2026-02-26 21:30:11,366: INFO: common: yaml file: config\config.yaml loaded successfully:]
[2026-02-26 21:30:11,376: INFO: common: yaml file: params.yaml loaded successfully:]
[2026-02-26 21:30:11,378: INFO: common: created directory at: artifacts:]
[2026-02-26 21:30:11,379: INFO: common: created directory at: artifacts/data_ingestion:]
[2026-02-26 21:30:12,966: INFO: 508651749: File is downloaded:]
[2026-02-26 22:05:18,051: INFO: main: Stage Data Ingestion Stage initiated:]
[2026-02-26 22:05:18,052: INFO: common: yaml file: config\config.yaml loaded successfully:]
[2026-02-26 22:05:18,053: INFO: common: yaml file: params.yaml loaded successfully:]
[2026-02-26 22:05:18,053: INFO: common: created directory at: artifacts:]
[2026-02-26 22:05:18,053: INFO: common: created directory at: artifacts/data_ingestion:]
[2026-02-26 22:05:21,033: INFO: data_ingestion: File is downloaded:]
[2026-02-26 22:05:21,033: ERROR: main: 'DataIngestion' object has no attribute 'extract_zipe_file':]
Traceback (most recent call last):
  File "C:\Users\uNUKE\OneDrive\Documents\DSML\text-summarizer\main.py", line 9, in <module>
    data_ingestion_pipeline.initiate_data_ingestion()
  File "C:\Users\uNUKE\OneDrive\Documents\DSML\text-summarizer\src\textSummarizer\pipeline\stage_1_data_ingestion_pipeline.py", line 15, in initiate_data_ingestion
    data_ingestion.extract_zipe_file()
AttributeError: 'DataIngestion' object has no attribute 'extract_zipe_file'
[2026-02-26 22:09:50,659: INFO: main: Stage Data Ingestion Stage initiated:]
[2026-02-26 22:09:50,660: INFO: common: yaml file: config\config.yaml loaded successfully:]
[2026-02-26 22:09:50,661: INFO: common: yaml file: params.yaml loaded successfully:]
[2026-02-26 22:09:50,661: INFO: common: created directory at: artifacts:]
[2026-02-26 22:09:50,662: INFO: common: created directory at: artifacts/data_ingestion:]
[2026-02-26 22:09:50,662: INFO: data_ingestion: File already exists:]
[2026-02-26 22:09:50,662: ERROR: main: 'DataIngestion' object has no attribute 'extract_zipe_file':]
Traceback (most recent call last):
  File "C:\Users\uNUKE\OneDrive\Documents\DSML\text-summarizer\main.py", line 9, in <module>
    data_ingestion_pipeline.initiate_data_ingestion()
  File "C:\Users\uNUKE\OneDrive\Documents\DSML\text-summarizer\src\textSummarizer\pipeline\stage_1_data_ingestion_pipeline.py", line 15, in initiate_data_ingestion
    data_ingestion.extract_zipe_file()
AttributeError: 'DataIngestion' object has no attribute 'extract_zipe_file'
[2026-02-26 22:10:22,902: INFO: main: Stage Data Ingestion Stage initiated:]
[2026-02-26 22:10:22,903: INFO: common: yaml file: config\config.yaml loaded successfully:]
[2026-02-26 22:10:22,904: INFO: common: yaml file: params.yaml loaded successfully:]
[2026-02-26 22:10:22,904: INFO: common: created directory at: artifacts:]
[2026-02-26 22:10:22,904: INFO: common: created directory at: artifacts/data_ingestion:]
[2026-02-26 22:10:22,904: INFO: data_ingestion: File already exists:]
[2026-02-26 22:10:22,904: ERROR: main: 'DataIngestion' object has no attribute 'extract__file':]
Traceback (most recent call last):
  File "C:\Users\uNUKE\OneDrive\Documents\DSML\text-summarizer\main.py", line 9, in <module>
    data_ingestion_pipeline.initiate_data_ingestion()
  File "C:\Users\uNUKE\OneDrive\Documents\DSML\text-summarizer\src\textSummarizer\pipeline\stage_1_data_ingestion_pipeline.py", line 15, in initiate_data_ingestion
    data_ingestion.extract__file()
AttributeError: 'DataIngestion' object has no attribute 'extract__file'
[2026-02-26 22:10:36,659: INFO: main: Stage Data Ingestion Stage initiated:]
[2026-02-26 22:10:36,660: INFO: common: yaml file: config\config.yaml loaded successfully:]
[2026-02-26 22:10:36,660: INFO: common: yaml file: params.yaml loaded successfully:]
[2026-02-26 22:10:36,660: INFO: common: created directory at: artifacts:]
[2026-02-26 22:10:36,661: INFO: common: created directory at: artifacts/data_ingestion:]
[2026-02-26 22:10:36,661: INFO: data_ingestion: File already exists:]
[2026-02-26 22:10:36,794: INFO: main: Stage Data Ingestion Stage Completed:]
[2026-02-26 22:10:44,396: INFO: main: Stage Data Ingestion Stage initiated:]
[2026-02-26 22:10:44,399: INFO: common: yaml file: config\config.yaml loaded successfully:]
[2026-02-26 22:10:44,400: INFO: common: yaml file: params.yaml loaded successfully:]
[2026-02-26 22:10:44,401: INFO: common: created directory at: artifacts:]
[2026-02-26 22:10:44,402: INFO: common: created directory at: artifacts/data_ingestion:]
[2026-02-26 22:10:45,736: INFO: data_ingestion: File is downloaded:]
[2026-02-26 22:10:45,862: INFO: main: Stage Data Ingestion Stage Completed:]
[2026-02-27 01:36:43,585: INFO: common: yaml file: config\config.yaml loaded successfully:]
[2026-02-27 01:36:43,592: INFO: common: yaml file: params.yaml loaded successfully:]
[2026-02-27 01:36:43,592: INFO: common: created directory at: artifacts:]
[2026-02-27 01:36:43,594: INFO: common: created directory at: artifacts/data_transformation:]
[2026-02-27 01:54:30,528: INFO: main: Stage Data Ingestion Stage initiated:]
[2026-02-27 01:54:30,530: INFO: common: yaml file: config\config.yaml loaded successfully:]
[2026-02-27 01:54:30,530: INFO: common: yaml file: params.yaml loaded successfully:]
[2026-02-27 01:54:30,530: INFO: common: created directory at: artifacts:]
[2026-02-27 01:54:30,531: INFO: common: created directory at: artifacts/data_ingestion:]
[2026-02-27 01:54:32,254: INFO: data_ingestion: File is downloaded:]
[2026-02-27 01:54:32,374: INFO: main: Stage Data Ingestion Stage Completed:]
[2026-02-27 01:54:32,374: INFO: main: Stage Data Transformation Stage initiated:]
[2026-02-27 01:54:32,375: INFO: common: yaml file: config\config.yaml loaded successfully:]
[2026-02-27 01:54:32,376: INFO: common: yaml file: params.yaml loaded successfully:]
[2026-02-27 01:54:32,376: INFO: common: created directory at: artifacts:]
[2026-02-27 01:54:32,376: INFO: common: created directory at: artifacts/data_transformation:]
[2026-02-27 01:54:35,547: INFO: main: Stage Data Transformation Stage Completed:]
